<?xml version="1.0" encoding="UTF-8"?>
<testng-results ignored="0" total="1" passed="1" failed="0" skipped="0">
  <reporter-output>
  </reporter-output>
  <suite started-at="2021-09-15T19:55:50 IST" name="Default suite" finished-at="2021-09-15T19:55:51 IST" duration-ms="38">
    <groups>
    </groups>
    <test started-at="2021-09-15T19:55:50 IST" name="Default test" finished-at="2021-09-15T19:55:51 IST" duration-ms="38">
      <class name="com.learning.TNGannotation">
        <test-method is-config="true" signature="m1()[pri:0, instance:com.learning.TNGannotation@24fcf36f]" started-at="2021-09-15T19:55:50 IST" name="m1" finished-at="2021-09-15T19:55:50 IST" duration-ms="23" status="PASS">
          <reporter-output>
          </reporter-output>
        </test-method> <!-- m1 -->
        <test-method is-config="true" signature="m2()[pri:0, instance:com.learning.TNGannotation@24fcf36f]" started-at="2021-09-15T19:55:50 IST" name="m2" finished-at="2021-09-15T19:55:50 IST" duration-ms="0" status="PASS">
          <reporter-output>
          </reporter-output>
        </test-method> <!-- m2 -->
        <test-method is-config="true" signature="m3()[pri:0, instance:com.learning.TNGannotation@24fcf36f]" started-at="2021-09-15T19:55:50 IST" name="m3" finished-at="2021-09-15T19:55:50 IST" duration-ms="0" status="PASS">
          <reporter-output>
          </reporter-output>
        </test-method> <!-- m3 -->
        <test-method is-config="true" signature="m4()[pri:0, instance:com.learning.TNGannotation@24fcf36f]" started-at="2021-09-15T19:55:51 IST" name="m4" finished-at="2021-09-15T19:55:51 IST" duration-ms="0" status="PASS">
          <reporter-output>
          </reporter-output>
        </test-method> <!-- m4 -->
        <test-method signature="main()[pri:0, instance:com.learning.TNGannotation@24fcf36f]" started-at="2021-09-15T19:55:51 IST" name="main" finished-at="2021-09-15T19:55:51 IST" duration-ms="5" status="PASS">
          <reporter-output>
          </reporter-output>
        </test-method> <!-- main -->
      </class> <!-- com.learning.TNGannotation -->
    </test> <!-- Default test -->
  </suite> <!-- Default suite -->
</testng-results>
